# JRE version: OpenJDK Runtime Environment (8.0_202-b03) (build 1.8.0_202-release-1483-b03)
# Java VM: OpenJDK 64-Bit Server VM (25.202-b03 mixed mode windows-amd64 compressed oops)
Heap:
 PSYoungGen      total 463872K, used 169091K [0x00000000e0000000, 0x00000000fe280000, 0x0000000100000000)
  eden space 443392K, 33% used [0x00000000e0000000,0x00000000e921b7b8,0x00000000fb100000)
  from space 20480K, 95% used [0x00000000fc880000,0x00000000fdb856e8,0x00000000fdc80000)
  to   space 24064K, 0% used [0x00000000fb100000,0x00000000fb100000,0x00000000fc880000)
 ParOldGen       total 157184K, used 81529K [0x00000000a0000000, 0x00000000a9980000, 0x00000000e0000000)
  object space 157184K, 51% used [0x00000000a0000000,0x00000000a4f9e4a8,0x00000000a9980000)
 Metaspace       used 74403K, capacity 77736K, committed 77912K, reserved 1118208K
  class space    used 9298K, capacity 9985K, committed 10112K, reserved 1048576K
GC Heap History (10 events):
Event: 3591.280 GC heap before
{Heap before GC invocations=29 (full 3):
 PSYoungGen      total 233472K, used 210560K [0x00000000e0000000, 0x00000000f3600000, 0x0000000100000000)
  eden space 210432K, 100% used [0x00000000e0000000,0x00000000ecd80000,0x00000000ecd80000)
  from space 23040K, 0% used [0x00000000ecd80000,0x00000000ecda0000,0x00000000ee400000)
  to   space 23040K, 0% used [0x00000000f1f80000,0x00000000f1f80000,0x00000000f3600000)
 ParOldGen       total 157184K, used 67614K [0x00000000a0000000, 0x00000000a9980000, 0x00000000e0000000)
  object space 157184K, 43% used [0x00000000a0000000,0x00000000a42079e8,0x00000000a9980000)
 Metaspace       used 64028K, capacity 67000K, committed 67288K, reserved 1107968K
  class space    used 8260K, capacity 8871K, committed 8960K, reserved 1048576K
Event: 3591.287 GC heap after
Heap after GC invocations=29 (full 3):
 PSYoungGen      total 290304K, used 4919K [0x00000000e0000000, 0x00000000f3300000, 0x0000000100000000)
  eden space 270336K, 0% used [0x00000000e0000000,0x00000000e0000000,0x00000000f0800000)
  from space 19968K, 24% used [0x00000000f1f80000,0x00000000f244dd90,0x00000000f3300000)
  to   space 22016K, 0% used [0x00000000f0800000,0x00000000f0800000,0x00000000f1d80000)
 ParOldGen       total 157184K, used 67638K [0x00000000a0000000, 0x00000000a9980000, 0x00000000e0000000)
  object space 157184K, 43% used [0x00000000a0000000,0x00000000a420d9e8,0x00000000a9980000)
 Metaspace       used 64028K, capacity 67000K, committed 67288K, reserved 1107968K
  class space    used 8260K, capacity 8871K, committed 8960K, reserved 1048576K
}
Event: 3596.037 GC heap before
{Heap before GC invocations=30 (full 3):
 PSYoungGen      total 290304K, used 274839K [0x00000000e0000000, 0x00000000f3300000, 0x0000000100000000)
  eden space 270336K, 99% used [0x00000000e0000000,0x00000000f0797fa8,0x00000000f0800000)
  from space 19968K, 24% used [0x00000000f1f80000,0x00000000f244dd90,0x00000000f3300000)
  to   space 22016K, 0% used [0x00000000f0800000,0x00000000f0800000,0x00000000f1d80000)
 ParOldGen       total 157184K, used 67638K [0x00000000a0000000, 0x00000000a9980000, 0x00000000e0000000)
  object space 157184K, 43% used [0x00000000a0000000,0x00000000a420d9e8,0x00000000a9980000)
 Metaspace       used 64106K, capacity 67052K, committed 67288K, reserved 1107968K
  class space    used 8266K, capacity 8879K, committed 8960K, reserved 1048576K
Event: 3596.066 GC heap after
Heap after GC invocations=30 (full 3):
 PSYoungGen      total 292352K, used 11805K [0x00000000e0000000, 0x00000000f7d00000, 0x0000000100000000)
  eden space 270336K, 0% used [0x00000000e0000000,0x00000000e0000000,0x00000000f0800000)
  from space 22016K, 53% used [0x00000000f0800000,0x00000000f1387770,0x00000000f1d80000)
  to   space 22016K, 0% used [0x00000000f6780000,0x00000000f6780000,0x00000000f7d00000)
 ParOldGen       total 157184K, used 72065K [0x00000000a0000000, 0x00000000a9980000, 0x00000000e0000000)
  object space 157184K, 45% used [0x00000000a0000000,0x00000000a46607e8,0x00000000a9980000)
 Metaspace       used 64106K, capacity 67052K, committed 67288K, reserved 1107968K
  class space    used 8266K, capacity 8879K, committed 8960K, reserved 1048576K
}
Event: 3596.143 GC heap before
{Heap before GC invocations=31 (full 3):
 PSYoungGen      total 292352K, used 281929K [0x00000000e0000000, 0x00000000f7d00000, 0x0000000100000000)
  eden space 270336K, 99% used [0x00000000e0000000,0x00000000f07cadc8,0x00000000f0800000)
  from space 22016K, 53% used [0x00000000f0800000,0x00000000f1387770,0x00000000f1d80000)
  to   space 22016K, 0% used [0x00000000f6780000,0x00000000f6780000,0x00000000f7d00000)
 ParOldGen       total 157184K, used 72065K [0x00000000a0000000, 0x00000000a9980000, 0x00000000e0000000)
  object space 157184K, 45% used [0x00000000a0000000,0x00000000a46607e8,0x00000000a9980000)
 Metaspace       used 64106K, capacity 67052K, committed 67288K, reserved 1107968K
  class space    used 8266K, capacity 8879K, committed 8960K, reserved 1048576K
Event: 3596.249 GC heap after
Heap after GC invocations=31 (full 3):
 PSYoungGen      total 368128K, used 32K [0x00000000e0000000, 0x00000000f8100000, 0x0000000100000000)
  eden space 346112K, 0% used [0x00000000e0000000,0x00000000e0000000,0x00000000f5200000)
  from space 22016K, 0% used [0x00000000f6780000,0x00000000f6788000,0x00000000f7d00000)
  to   space 22016K, 0% used [0x00000000f5200000,0x00000000f5200000,0x00000000f6780000)
 ParOldGen       total 157184K, used 76531K [0x00000000a0000000, 0x00000000a9980000, 0x00000000e0000000)
  object space 157184K, 48% used [0x00000000a0000000,0x00000000a4abce80,0x00000000a9980000)
 Metaspace       used 64106K, capacity 67052K, committed 67288K, reserved 1107968K
  class space    used 8266K, capacity 8879K, committed 8960K, reserved 1048576K
}
Event: 4567.711 GC heap before
{Heap before GC invocations=32 (full 3):
 PSYoungGen      total 368128K, used 346144K [0x00000000e0000000, 0x00000000f8100000, 0x0000000100000000)
  eden space 346112K, 100% used [0x00000000e0000000,0x00000000f5200000,0x00000000f5200000)
  from space 22016K, 0% used [0x00000000f6780000,0x00000000f6788000,0x00000000f7d00000)
  to   space 22016K, 0% used [0x00000000f5200000,0x00000000f5200000,0x00000000f6780000)
 ParOldGen       total 157184K, used 76531K [0x00000000a0000000, 0x00000000a9980000, 0x00000000e0000000)
  object space 157184K, 48% used [0x00000000a0000000,0x00000000a4abce80,0x00000000a9980000)
 Metaspace       used 64604K, capacity 67832K, committed 68184K, reserved 1107968K
  class space    used 8313K, capacity 8981K, committed 9088K, reserved 1048576K
Event: 4567.732 GC heap after
Heap after GC invocations=32 (full 3):
 PSYoungGen      total 368128K, used 5597K [0x00000000e0000000, 0x00000000fdc80000, 0x0000000100000000)
  eden space 346112K, 0% used [0x00000000e0000000,0x00000000e0000000,0x00000000f5200000)
  from space 22016K, 25% used [0x00000000f5200000,0x00000000f5777520,0x00000000f6780000)
  to   space 20480K, 0% used [0x00000000fc880000,0x00000000fc880000,0x00000000fdc80000)
 ParOldGen       total 157184K, used 76571K [0x00000000a0000000, 0x00000000a9980000, 0x00000000e0000000)
  object space 157184K, 48% used [0x00000000a0000000,0x00000000a4ac6e80,0x00000000a9980000)
 Metaspace       used 64604K, capacity 67832K, committed 68184K, reserved 1107968K
  class space    used 8313K, capacity 8981K, committed 9088K, reserved 1048576K
}
Event: 4583.884 GC heap before
{Heap before GC invocations=33 (full 3):
 PSYoungGen      total 368128K, used 351709K [0x00000000e0000000, 0x00000000fdc80000, 0x0000000100000000)
  eden space 346112K, 100% used [0x00000000e0000000,0x00000000f5200000,0x00000000f5200000)
  from space 22016K, 25% used [0x00000000f5200000,0x00000000f5777520,0x00000000f6780000)
  to   space 20480K, 0% used [0x00000000fc880000,0x00000000fc880000,0x00000000fdc80000)
 ParOldGen       total 157184K, used 76571K [0x00000000a0000000, 0x00000000a9980000, 0x00000000e0000000)
  object space 157184K, 48% used [0x00000000a0000000,0x00000000a4ac6e80,0x00000000a9980000)
 Metaspace       used 73592K, capacity 76896K, committed 77016K, reserved 1116160K
  class space    used 9205K, capacity 9877K, committed 9984K, reserved 1048576K
Event: 4583.913 GC heap after
Heap after GC invocations=33 (full 3):
 PSYoungGen      total 463872K, used 19477K [0x00000000e0000000, 0x00000000fe280000, 0x0000000100000000)
  eden space 443392K, 0% used [0x00000000e0000000,0x00000000e0000000,0x00000000fb100000)
  from space 20480K, 95% used [0x00000000fc880000,0x00000000fdb856e8,0x00000000fdc80000)
  to   space 24064K, 0% used [0x00000000fb100000,0x00000000fb100000,0x00000000fc880000)
 ParOldGen       total 157184K, used 81529K [0x00000000a0000000, 0x00000000a9980000, 0x00000000e0000000)
  object space 157184K, 51% used [0x00000000a0000000,0x00000000a4f9e4a8,0x00000000a9980000)
 Metaspace       used 73592K, capacity 76896K, committed 77016K, reserved 1116160K
  class space    used 9205K, capacity 9877K, committed 9984K, reserved 1048576K
}

