# JRE version: OpenJDK Runtime Environment (8.0_202-b03) (build 1.8.0_202-release-1483-b03)
# Java VM: OpenJDK 64-Bit Server VM (25.202-b03 mixed mode windows-amd64 compressed oops)
Heap:
 PSYoungGen      total 228352K, used 70101K [0x00000000e0000000, 0x00000000efd80000, 0x0000000100000000)
  eden space 211456K, 25% used [0x00000000e0000000,0x00000000e3457890,0x00000000ece80000)
  from space 16896K, 97% used [0x00000000ee100000,0x00000000ef11de18,0x00000000ef180000)
  to   space 18944K, 0% used [0x00000000ece80000,0x00000000ece80000,0x00000000ee100000)
 ParOldGen       total 172032K, used 19695K [0x00000000a0000000, 0x00000000aa800000, 0x00000000e0000000)
  object space 172032K, 11% used [0x00000000a0000000,0x00000000a133bd40,0x00000000aa800000)
 Metaspace       used 51300K, capacity 52854K, committed 53208K, reserved 1095680K
  class space    used 6951K, capacity 7326K, committed 7424K, reserved 1048576K
GC Heap History (10 events):
Event: 7.046 GC heap before
{Heap before GC invocations=6 (full 1):
 PSYoungGen      total 107520K, used 97653K [0x00000000e0000000, 0x00000000e9100000, 0x0000000100000000)
  eden space 100864K, 90% used [0x00000000e0000000,0x00000000e5910810,0x00000000e6280000)
  from space 6656K, 96% used [0x00000000e8a80000,0x00000000e90ccee0,0x00000000e9100000)
  to   space 10752K, 0% used [0x00000000e7c00000,0x00000000e7c00000,0x00000000e8680000)
 ParOldGen       total 103936K, used 7200K [0x00000000a0000000, 0x00000000a6580000, 0x00000000e0000000)
  object space 103936K, 6% used [0x00000000a0000000,0x00000000a0708358,0x00000000a6580000)
 Metaspace       used 34803K, capacity 35330K, committed 35416K, reserved 1079296K
  class space    used 4747K, capacity 4951K, committed 4992K, reserved 1048576K
Event: 7.056 GC heap after
Heap after GC invocations=6 (full 1):
 PSYoungGen      total 137728K, used 10743K [0x00000000e0000000, 0x00000000eb300000, 0x0000000100000000)
  eden space 126976K, 0% used [0x00000000e0000000,0x00000000e0000000,0x00000000e7c00000)
  from space 10752K, 99% used [0x00000000e7c00000,0x00000000e867dfd8,0x00000000e8680000)
  to   space 15872K, 0% used [0x00000000ea380000,0x00000000ea380000,0x00000000eb300000)
 ParOldGen       total 103936K, used 9962K [0x00000000a0000000, 0x00000000a6580000, 0x00000000e0000000)
  object space 103936K, 9% used [0x00000000a0000000,0x00000000a09ba908,0x00000000a6580000)
 Metaspace       used 34803K, capacity 35330K, committed 35416K, reserved 1079296K
  class space    used 4747K, capacity 4951K, committed 4992K, reserved 1048576K
}
Event: 7.056 GC heap before
{Heap before GC invocations=7 (full 2):
 PSYoungGen      total 137728K, used 10743K [0x00000000e0000000, 0x00000000eb300000, 0x0000000100000000)
  eden space 126976K, 0% used [0x00000000e0000000,0x00000000e0000000,0x00000000e7c00000)
  from space 10752K, 99% used [0x00000000e7c00000,0x00000000e867dfd8,0x00000000e8680000)
  to   space 15872K, 0% used [0x00000000ea380000,0x00000000ea380000,0x00000000eb300000)
 ParOldGen       total 103936K, used 9962K [0x00000000a0000000, 0x00000000a6580000, 0x00000000e0000000)
  object space 103936K, 9% used [0x00000000a0000000,0x00000000a09ba908,0x00000000a6580000)
 Metaspace       used 34803K, capacity 35330K, committed 35416K, reserved 1079296K
  class space    used 4747K, capacity 4951K, committed 4992K, reserved 1048576K
Event: 7.100 GC heap after
Heap after GC invocations=7 (full 2):
 PSYoungGen      total 137728K, used 0K [0x00000000e0000000, 0x00000000eb300000, 0x0000000100000000)
  eden space 126976K, 0% used [0x00000000e0000000,0x00000000e0000000,0x00000000e7c00000)
  from space 10752K, 0% used [0x00000000e7c00000,0x00000000e7c00000,0x00000000e8680000)
  to   space 15872K, 0% used [0x00000000ea380000,0x00000000ea380000,0x00000000eb300000)
 ParOldGen       total 172032K, used 19599K [0x00000000a0000000, 0x00000000aa800000, 0x00000000e0000000)
  object space 172032K, 11% used [0x00000000a0000000,0x00000000a1323d30,0x00000000aa800000)
 Metaspace       used 34803K, capacity 35330K, committed 35416K, reserved 1079296K
  class space    used 4747K, capacity 4951K, committed 4992K, reserved 1048576K
}
Event: 8.816 GC heap before
{Heap before GC invocations=8 (full 2):
 PSYoungGen      total 137728K, used 126976K [0x00000000e0000000, 0x00000000eb300000, 0x0000000100000000)
  eden space 126976K, 100% used [0x00000000e0000000,0x00000000e7c00000,0x00000000e7c00000)
  from space 10752K, 0% used [0x00000000e7c00000,0x00000000e7c00000,0x00000000e8680000)
  to   space 15872K, 0% used [0x00000000ea380000,0x00000000ea380000,0x00000000eb300000)
 ParOldGen       total 172032K, used 19599K [0x00000000a0000000, 0x00000000aa800000, 0x00000000e0000000)
  object space 172032K, 11% used [0x00000000a0000000,0x00000000a1323d30,0x00000000aa800000)
 Metaspace       used 40194K, capacity 40994K, committed 41048K, reserved 1085440K
  class space    used 5448K, capacity 5744K, committed 5760K, reserved 1048576K
Event: 8.825 GC heap after
Heap after GC invocations=8 (full 2):
 PSYoungGen      total 167424K, used 11369K [0x00000000e0000000, 0x00000000ecd00000, 0x0000000100000000)
  eden space 151552K, 0% used [0x00000000e0000000,0x00000000e0000000,0x00000000e9400000)
  from space 15872K, 71% used [0x00000000ea380000,0x00000000eae9a448,0x00000000eb300000)
  to   space 15872K, 0% used [0x00000000e9400000,0x00000000e9400000,0x00000000ea380000)
 ParOldGen       total 172032K, used 19607K [0x00000000a0000000, 0x00000000aa800000, 0x00000000e0000000)
  object space 172032K, 11% used [0x00000000a0000000,0x00000000a1325d30,0x00000000aa800000)
 Metaspace       used 40194K, capacity 40994K, committed 41048K, reserved 1085440K
  class space    used 5448K, capacity 5744K, committed 5760K, reserved 1048576K
}
Event: 10.010 GC heap before
{Heap before GC invocations=9 (full 2):
 PSYoungGen      total 167424K, used 162921K [0x00000000e0000000, 0x00000000ecd00000, 0x0000000100000000)
  eden space 151552K, 100% used [0x00000000e0000000,0x00000000e9400000,0x00000000e9400000)
  from space 15872K, 71% used [0x00000000ea380000,0x00000000eae9a448,0x00000000eb300000)
  to   space 15872K, 0% used [0x00000000e9400000,0x00000000e9400000,0x00000000ea380000)
 ParOldGen       total 172032K, used 19607K [0x00000000a0000000, 0x00000000aa800000, 0x00000000e0000000)
  object space 172032K, 11% used [0x00000000a0000000,0x00000000a1325d30,0x00000000aa800000)
 Metaspace       used 45368K, capacity 46198K, committed 46296K, reserved 1089536K
  class space    used 6063K, capacity 6358K, committed 6400K, reserved 1048576K
Event: 10.020 GC heap after
Heap after GC invocations=9 (full 2):
 PSYoungGen      total 167424K, used 13527K [0x00000000e0000000, 0x00000000ef180000, 0x0000000100000000)
  eden space 151552K, 0% used [0x00000000e0000000,0x00000000e0000000,0x00000000e9400000)
  from space 15872K, 85% used [0x00000000e9400000,0x00000000ea135e08,0x00000000ea380000)
  to   space 16896K, 0% used [0x00000000ee100000,0x00000000ee100000,0x00000000ef180000)
 ParOldGen       total 172032K, used 19687K [0x00000000a0000000, 0x00000000aa800000, 0x00000000e0000000)
  object space 172032K, 11% used [0x00000000a0000000,0x00000000a1339d40,0x00000000aa800000)
 Metaspace       used 45368K, capacity 46198K, committed 46296K, reserved 1089536K
  class space    used 6063K, capacity 6358K, committed 6400K, reserved 1048576K
}
Event: 11.165 GC heap before
{Heap before GC invocations=10 (full 2):
 PSYoungGen      total 167424K, used 165079K [0x00000000e0000000, 0x00000000ef180000, 0x0000000100000000)
  eden space 151552K, 100% used [0x00000000e0000000,0x00000000e9400000,0x00000000e9400000)
  from space 15872K, 85% used [0x00000000e9400000,0x00000000ea135e08,0x00000000ea380000)
  to   space 16896K, 0% used [0x00000000ee100000,0x00000000ee100000,0x00000000ef180000)
 ParOldGen       total 172032K, used 19687K [0x00000000a0000000, 0x00000000aa800000, 0x00000000e0000000)
  object space 172032K, 11% used [0x00000000a0000000,0x00000000a1339d40,0x00000000aa800000)
 Metaspace       used 48254K, capacity 49562K, committed 49624K, reserved 1091584K
  class space    used 6468K, capacity 6854K, committed 6912K, reserved 1048576K
Event: 11.183 GC heap after
Heap after GC invocations=10 (full 2):
 PSYoungGen      total 228352K, used 16503K [0x00000000e0000000, 0x00000000efd80000, 0x0000000100000000)
  eden space 211456K, 0% used [0x00000000e0000000,0x00000000e0000000,0x00000000ece80000)
  from space 16896K, 97% used [0x00000000ee100000,0x00000000ef11de18,0x00000000ef180000)
  to   space 18944K, 0% used [0x00000000ece80000,0x00000000ece80000,0x00000000ee100000)
 ParOldGen       total 172032K, used 19695K [0x00000000a0000000, 0x00000000aa800000, 0x00000000e0000000)
  object space 172032K, 11% used [0x00000000a0000000,0x00000000a133bd40,0x00000000aa800000)
 Metaspace       used 48254K, capacity 49562K, committed 49624K, reserved 1091584K
  class space    used 6468K, capacity 6854K, committed 6912K, reserved 1048576K
}

