# JRE version: OpenJDK Runtime Environment (8.0_152-b01) (build 1.8.0_152-release-915-b01)
# Java VM: OpenJDK 64-Bit Server VM (25.152-b01 mixed mode windows-amd64 compressed oops)
Heap:
 PSYoungGen      total 448000K, used 153481K [0x00000000e0000000, 0x0000000100000000, 0x0000000100000000)
  eden space 371712K, 36% used [0x00000000e0000000,0x00000000e84ab1a0,0x00000000f6b00000)
  from space 76288K, 23% used [0x00000000f6b00000,0x00000000f7c37298,0x00000000fb580000)
  to   space 72704K, 0% used [0x00000000fb900000,0x00000000fb900000,0x0000000100000000)
 ParOldGen       total 256512K, used 61639K [0x00000000a0000000, 0x00000000afa80000, 0x00000000e0000000)
  object space 256512K, 24% used [0x00000000a0000000,0x00000000a3c31f98,0x00000000afa80000)
 Metaspace       used 75962K, capacity 79394K, committed 79704K, reserved 1118208K
  class space    used 9709K, capacity 10514K, committed 10624K, reserved 1048576K
GC Heap History (10 events):
Event: 15.548 GC heap before
{Heap before GC invocations=16 (full 4):
 PSYoungGen      total 430080K, used 380416K [0x00000000e0000000, 0x0000000100000000, 0x0000000100000000)
  eden space 380416K, 100% used [0x00000000e0000000,0x00000000f7380000,0x00000000f7380000)
  from space 49664K, 0% used [0x00000000f7380000,0x00000000f7380000,0x00000000fa400000)
  to   space 47616K, 0% used [0x00000000fd180000,0x00000000fd180000,0x0000000100000000)
 ParOldGen       total 192000K, used 42954K [0x00000000a0000000, 0x00000000abb80000, 0x00000000e0000000)
  object space 192000K, 22% used [0x00000000a0000000,0x00000000a29f2820,0x00000000abb80000)
 Metaspace       used 65423K, capacity 67634K, committed 67800K, reserved 1107968K
  class space    used 8434K, capacity 8938K, committed 8960K, reserved 1048576K
Event: 15.574 GC heap after
Heap after GC invocations=16 (full 4):
 PSYoungGen      total 473600K, used 26982K [0x00000000e0000000, 0x00000000fff00000, 0x0000000100000000)
  eden space 427008K, 0% used [0x00000000e0000000,0x00000000e0000000,0x00000000fa100000)
  from space 46592K, 57% used [0x00000000fd180000,0x00000000febd9800,0x00000000fff00000)
  to   space 48128K, 0% used [0x00000000fa100000,0x00000000fa100000,0x00000000fd000000)
 ParOldGen       total 192000K, used 42962K [0x00000000a0000000, 0x00000000abb80000, 0x00000000e0000000)
  object space 192000K, 22% used [0x00000000a0000000,0x00000000a29f4820,0x00000000abb80000)
 Metaspace       used 65423K, capacity 67634K, committed 67800K, reserved 1107968K
  class space    used 8434K, capacity 8938K, committed 8960K, reserved 1048576K
}
Event: 109.837 GC heap before
{Heap before GC invocations=17 (full 4):
 PSYoungGen      total 473600K, used 453990K [0x00000000e0000000, 0x00000000fff00000, 0x0000000100000000)
  eden space 427008K, 100% used [0x00000000e0000000,0x00000000fa100000,0x00000000fa100000)
  from space 46592K, 57% used [0x00000000fd180000,0x00000000febd9800,0x00000000fff00000)
  to   space 48128K, 0% used [0x00000000fa100000,0x00000000fa100000,0x00000000fd000000)
 ParOldGen       total 192000K, used 42962K [0x00000000a0000000, 0x00000000abb80000, 0x00000000e0000000)
  object space 192000K, 22% used [0x00000000a0000000,0x00000000a29f4820,0x00000000abb80000)
 Metaspace       used 71893K, capacity 74690K, committed 74840K, reserved 1114112K
  class space    used 9136K, capacity 9764K, committed 9856K, reserved 1048576K
Event: 109.916 GC heap after
Heap after GC invocations=17 (full 4):
 PSYoungGen      total 475136K, used 48119K [0x00000000e0000000, 0x0000000100000000, 0x0000000100000000)
  eden space 427008K, 0% used [0x00000000e0000000,0x00000000e0000000,0x00000000fa100000)
  from space 48128K, 99% used [0x00000000fa100000,0x00000000fcffdde0,0x00000000fd000000)
  to   space 49152K, 0% used [0x00000000fd000000,0x00000000fd000000,0x0000000100000000)
 ParOldGen       total 192000K, used 104038K [0x00000000a0000000, 0x00000000abb80000, 0x00000000e0000000)
  object space 192000K, 54% used [0x00000000a0000000,0x00000000a65998a8,0x00000000abb80000)
 Metaspace       used 71893K, capacity 74690K, committed 74840K, reserved 1114112K
  class space    used 9136K, capacity 9764K, committed 9856K, reserved 1048576K
}
Event: 112.818 GC heap before
{Heap before GC invocations=18 (full 4):
 PSYoungGen      total 475136K, used 475127K [0x00000000e0000000, 0x0000000100000000, 0x0000000100000000)
  eden space 427008K, 100% used [0x00000000e0000000,0x00000000fa100000,0x00000000fa100000)
  from space 48128K, 99% used [0x00000000fa100000,0x00000000fcffdde0,0x00000000fd000000)
  to   space 49152K, 0% used [0x00000000fd000000,0x00000000fd000000,0x0000000100000000)
 ParOldGen       total 192000K, used 104038K [0x00000000a0000000, 0x00000000abb80000, 0x00000000e0000000)
  object space 192000K, 54% used [0x00000000a0000000,0x00000000a65998a8,0x00000000abb80000)
 Metaspace       used 71918K, capacity 74690K, committed 74840K, reserved 1114112K
  class space    used 9136K, capacity 9764K, committed 9856K, reserved 1048576K
Event: 112.880 GC heap after
Heap after GC invocations=18 (full 4):
 PSYoungGen      total 420864K, used 12894K [0x00000000e0000000, 0x0000000100000000, 0x0000000100000000)
  eden space 371712K, 0% used [0x00000000e0000000,0x00000000e0000000,0x00000000f6b00000)
  from space 49152K, 26% used [0x00000000fd000000,0x00000000fdc97ae8,0x0000000100000000)
  to   space 76288K, 0% used [0x00000000f6b00000,0x00000000f6b00000,0x00000000fb580000)
 ParOldGen       total 192000K, used 140819K [0x00000000a0000000, 0x00000000abb80000, 0x00000000e0000000)
  object space 192000K, 73% used [0x00000000a0000000,0x00000000a8984e28,0x00000000abb80000)
 Metaspace       used 71918K, capacity 74690K, committed 74840K, reserved 1114112K
  class space    used 9136K, capacity 9764K, committed 9856K, reserved 1048576K
}
Event: 112.880 GC heap before
{Heap before GC invocations=19 (full 5):
 PSYoungGen      total 420864K, used 12894K [0x00000000e0000000, 0x0000000100000000, 0x0000000100000000)
  eden space 371712K, 0% used [0x00000000e0000000,0x00000000e0000000,0x00000000f6b00000)
  from space 49152K, 26% used [0x00000000fd000000,0x00000000fdc97ae8,0x0000000100000000)
  to   space 76288K, 0% used [0x00000000f6b00000,0x00000000f6b00000,0x00000000fb580000)
 ParOldGen       total 192000K, used 140819K [0x00000000a0000000, 0x00000000abb80000, 0x00000000e0000000)
  object space 192000K, 73% used [0x00000000a0000000,0x00000000a8984e28,0x00000000abb80000)
 Metaspace       used 71918K, capacity 74690K, committed 74840K, reserved 1114112K
  class space    used 9136K, capacity 9764K, committed 9856K, reserved 1048576K
Event: 113.088 GC heap after
Heap after GC invocations=19 (full 5):
 PSYoungGen      total 420864K, used 0K [0x00000000e0000000, 0x0000000100000000, 0x0000000100000000)
  eden space 371712K, 0% used [0x00000000e0000000,0x00000000e0000000,0x00000000f6b00000)
  from space 49152K, 0% used [0x00000000fd000000,0x00000000fd000000,0x0000000100000000)
  to   space 76288K, 0% used [0x00000000f6b00000,0x00000000f6b00000,0x00000000fb580000)
 ParOldGen       total 256512K, used 61631K [0x00000000a0000000, 0x00000000afa80000, 0x00000000e0000000)
  object space 256512K, 24% used [0x00000000a0000000,0x00000000a3c2ff98,0x00000000afa80000)
 Metaspace       used 71629K, capacity 74262K, committed 74840K, reserved 1114112K
  class space    used 9105K, capacity 9710K, committed 9856K, reserved 1048576K
}
Event: 3073.611 GC heap before
{Heap before GC invocations=20 (full 5):
 PSYoungGen      total 420864K, used 371712K [0x00000000e0000000, 0x0000000100000000, 0x0000000100000000)
  eden space 371712K, 100% used [0x00000000e0000000,0x00000000f6b00000,0x00000000f6b00000)
  from space 49152K, 0% used [0x00000000fd000000,0x00000000fd000000,0x0000000100000000)
  to   space 76288K, 0% used [0x00000000f6b00000,0x00000000f6b00000,0x00000000fb580000)
 ParOldGen       total 256512K, used 61631K [0x00000000a0000000, 0x00000000afa80000, 0x00000000e0000000)
  object space 256512K, 24% used [0x00000000a0000000,0x00000000a3c2ff98,0x00000000afa80000)
 Metaspace       used 74714K, capacity 77894K, committed 78040K, reserved 1118208K
  class space    used 9470K, capacity 10208K, committed 10240K, reserved 1048576K
Event: 3073.639 GC heap after
Heap after GC invocations=20 (full 5):
 PSYoungGen      total 448000K, used 17628K [0x00000000e0000000, 0x0000000100000000, 0x0000000100000000)
  eden space 371712K, 0% used [0x00000000e0000000,0x00000000e0000000,0x00000000f6b00000)
  from space 76288K, 23% used [0x00000000f6b00000,0x00000000f7c37298,0x00000000fb580000)
  to   space 72704K, 0% used [0x00000000fb900000,0x00000000fb900000,0x0000000100000000)
 ParOldGen       total 256512K, used 61639K [0x00000000a0000000, 0x00000000afa80000, 0x00000000e0000000)
  object space 256512K, 24% used [0x00000000a0000000,0x00000000a3c31f98,0x00000000afa80000)
 Metaspace       used 74714K, capacity 77894K, committed 78040K, reserved 1118208K
  class space    used 9470K, capacity 10208K, committed 10240K, reserved 1048576K
}

