# JRE version: OpenJDK Runtime Environment (8.0_152-b01) (build 1.8.0_152-release-915-b01)
# Java VM: OpenJDK 64-Bit Server VM (25.152-b01 mixed mode windows-amd64 compressed oops)
Heap:
 PSYoungGen      total 193024K, used 26011K [0x00000000e0000000, 0x00000000ed300000, 0x0000000100000000)
  eden space 180736K, 7% used [0x00000000e0000000,0x00000000e0d67688,0x00000000eb080000)
  from space 12288K, 99% used [0x00000000ebe00000,0x00000000ec9ff8f8,0x00000000eca00000)
  to   space 13824K, 0% used [0x00000000eb080000,0x00000000eb080000,0x00000000ebe00000)
 ParOldGen       total 74240K, used 16903K [0x00000000a0000000, 0x00000000a4880000, 0x00000000e0000000)
  object space 74240K, 22% used [0x00000000a0000000,0x00000000a1081ff0,0x00000000a4880000)
 Metaspace       used 45074K, capacity 46222K, committed 46464K, reserved 1089536K
  class space    used 6110K, capacity 6525K, committed 6528K, reserved 1048576K
GC Heap History (10 events):
Event: 4.945 GC heap before
{Heap before GC invocations=6 (full 1):
 PSYoungGen      total 71680K, used 66560K [0x00000000e0000000, 0x00000000e4b00000, 0x0000000100000000)
  eden space 66560K, 100% used [0x00000000e0000000,0x00000000e4100000,0x00000000e4100000)
  from space 5120K, 0% used [0x00000000e4600000,0x00000000e4600000,0x00000000e4b00000)
  to   space 5120K, 0% used [0x00000000e4100000,0x00000000e4100000,0x00000000e4600000)
 ParOldGen       total 55296K, used 8974K [0x00000000a0000000, 0x00000000a3600000, 0x00000000e0000000)
  object space 55296K, 16% used [0x00000000a0000000,0x00000000a08c38b8,0x00000000a3600000)
 Metaspace       used 26194K, capacity 26676K, committed 26880K, reserved 1073152K
  class space    used 3563K, capacity 3752K, committed 3840K, reserved 1048576K
Event: 4.966 GC heap after
Heap after GC invocations=6 (full 1):
 PSYoungGen      total 71680K, used 5088K [0x00000000e0000000, 0x00000000e8500000, 0x0000000100000000)
  eden space 66560K, 0% used [0x00000000e0000000,0x00000000e0000000,0x00000000e4100000)
  from space 5120K, 99% used [0x00000000e4100000,0x00000000e45f83e0,0x00000000e4600000)
  to   space 10240K, 0% used [0x00000000e7b00000,0x00000000e7b00000,0x00000000e8500000)
 ParOldGen       total 55296K, used 10625K [0x00000000a0000000, 0x00000000a3600000, 0x00000000e0000000)
  object space 55296K, 19% used [0x00000000a0000000,0x00000000a0a604b0,0x00000000a3600000)
 Metaspace       used 26194K, capacity 26676K, committed 26880K, reserved 1073152K
  class space    used 3563K, capacity 3752K, committed 3840K, reserved 1048576K
}
Event: 9.822 GC heap before
{Heap before GC invocations=7 (full 1):
 PSYoungGen      total 71680K, used 71648K [0x00000000e0000000, 0x00000000e8500000, 0x0000000100000000)
  eden space 66560K, 100% used [0x00000000e0000000,0x00000000e4100000,0x00000000e4100000)
  from space 5120K, 99% used [0x00000000e4100000,0x00000000e45f83e0,0x00000000e4600000)
  to   space 10240K, 0% used [0x00000000e7b00000,0x00000000e7b00000,0x00000000e8500000)
 ParOldGen       total 55296K, used 10625K [0x00000000a0000000, 0x00000000a3600000, 0x00000000e0000000)
  object space 55296K, 19% used [0x00000000a0000000,0x00000000a0a604b0,0x00000000a3600000)
 Metaspace       used 31101K, capacity 31722K, committed 32000K, reserved 1077248K
  class space    used 4299K, capacity 4580K, committed 4608K, reserved 1048576K
Event: 9.846 GC heap after
Heap after GC invocations=7 (full 1):
 PSYoungGen      total 121856K, used 9288K [0x00000000e0000000, 0x00000000e8480000, 0x0000000100000000)
  eden space 112128K, 0% used [0x00000000e0000000,0x00000000e0000000,0x00000000e6d80000)
  from space 9728K, 95% used [0x00000000e7b00000,0x00000000e8412398,0x00000000e8480000)
  to   space 11264K, 0% used [0x00000000e6e80000,0x00000000e6e80000,0x00000000e7980000)
 ParOldGen       total 55296K, used 10697K [0x00000000a0000000, 0x00000000a3600000, 0x00000000e0000000)
  object space 55296K, 19% used [0x00000000a0000000,0x00000000a0a724c0,0x00000000a3600000)
 Metaspace       used 31101K, capacity 31722K, committed 32000K, reserved 1077248K
  class space    used 4299K, capacity 4580K, committed 4608K, reserved 1048576K
}
Event: 18.099 GC heap before
{Heap before GC invocations=8 (full 1):
 PSYoungGen      total 121856K, used 72129K [0x00000000e0000000, 0x00000000e8480000, 0x0000000100000000)
  eden space 112128K, 56% used [0x00000000e0000000,0x00000000e3d5e2c8,0x00000000e6d80000)
  from space 9728K, 95% used [0x00000000e7b00000,0x00000000e8412398,0x00000000e8480000)
  to   space 11264K, 0% used [0x00000000e6e80000,0x00000000e6e80000,0x00000000e7980000)
 ParOldGen       total 55296K, used 10697K [0x00000000a0000000, 0x00000000a3600000, 0x00000000e0000000)
  object space 55296K, 19% used [0x00000000a0000000,0x00000000a0a724c0,0x00000000a3600000)
 Metaspace       used 34554K, capacity 35336K, committed 35416K, reserved 1079296K
  class space    used 4726K, capacity 5066K, committed 5120K, reserved 1048576K
Event: 18.130 GC heap after
Heap after GC invocations=8 (full 1):
 PSYoungGen      total 124416K, used 10192K [0x00000000e0000000, 0x00000000eca00000, 0x0000000100000000)
  eden space 113152K, 0% used [0x00000000e0000000,0x00000000e0000000,0x00000000e6e80000)
  from space 11264K, 90% used [0x00000000e6e80000,0x00000000e7874070,0x00000000e7980000)
  to   space 12288K, 0% used [0x00000000ebe00000,0x00000000ebe00000,0x00000000eca00000)
 ParOldGen       total 55296K, used 10705K [0x00000000a0000000, 0x00000000a3600000, 0x00000000e0000000)
  object space 55296K, 19% used [0x00000000a0000000,0x00000000a0a744c0,0x00000000a3600000)
 Metaspace       used 34554K, capacity 35336K, committed 35416K, reserved 1079296K
  class space    used 4726K, capacity 5066K, committed 5120K, reserved 1048576K
}
Event: 18.130 GC heap before
{Heap before GC invocations=9 (full 2):
 PSYoungGen      total 124416K, used 10192K [0x00000000e0000000, 0x00000000eca00000, 0x0000000100000000)
  eden space 113152K, 0% used [0x00000000e0000000,0x00000000e0000000,0x00000000e6e80000)
  from space 11264K, 90% used [0x00000000e6e80000,0x00000000e7874070,0x00000000e7980000)
  to   space 12288K, 0% used [0x00000000ebe00000,0x00000000ebe00000,0x00000000eca00000)
 ParOldGen       total 55296K, used 10705K [0x00000000a0000000, 0x00000000a3600000, 0x00000000e0000000)
  object space 55296K, 19% used [0x00000000a0000000,0x00000000a0a744c0,0x00000000a3600000)
 Metaspace       used 34554K, capacity 35336K, committed 35416K, reserved 1079296K
  class space    used 4726K, capacity 5066K, committed 5120K, reserved 1048576K
Event: 18.207 GC heap after
Heap after GC invocations=9 (full 2):
 PSYoungGen      total 124416K, used 0K [0x00000000e0000000, 0x00000000eca00000, 0x0000000100000000)
  eden space 113152K, 0% used [0x00000000e0000000,0x00000000e0000000,0x00000000e6e80000)
  from space 11264K, 0% used [0x00000000e6e80000,0x00000000e6e80000,0x00000000e7980000)
  to   space 12288K, 0% used [0x00000000ebe00000,0x00000000ebe00000,0x00000000eca00000)
 ParOldGen       total 74240K, used 16518K [0x00000000a0000000, 0x00000000a4880000, 0x00000000e0000000)
  object space 74240K, 22% used [0x00000000a0000000,0x00000000a10218d8,0x00000000a4880000)
 Metaspace       used 34554K, capacity 35336K, committed 35416K, reserved 1079296K
  class space    used 4726K, capacity 5066K, committed 5120K, reserved 1048576K
}
Event: 22.271 GC heap before
{Heap before GC invocations=10 (full 2):
 PSYoungGen      total 124416K, used 113152K [0x00000000e0000000, 0x00000000eca00000, 0x0000000100000000)
  eden space 113152K, 100% used [0x00000000e0000000,0x00000000e6e80000,0x00000000e6e80000)
  from space 11264K, 0% used [0x00000000e6e80000,0x00000000e6e80000,0x00000000e7980000)
  to   space 12288K, 0% used [0x00000000ebe00000,0x00000000ebe00000,0x00000000eca00000)
 ParOldGen       total 74240K, used 16518K [0x00000000a0000000, 0x00000000a4880000, 0x00000000e0000000)
  object space 74240K, 22% used [0x00000000a0000000,0x00000000a10218d8,0x00000000a4880000)
 Metaspace       used 42011K, capacity 43076K, committed 43264K, reserved 1087488K
  class space    used 5647K, capacity 6052K, committed 6144K, reserved 1048576K
Event: 22.282 GC heap after
Heap after GC invocations=10 (full 2):
 PSYoungGen      total 193024K, used 12286K [0x00000000e0000000, 0x00000000ed300000, 0x0000000100000000)
  eden space 180736K, 0% used [0x00000000e0000000,0x00000000e0000000,0x00000000eb080000)
  from space 12288K, 99% used [0x00000000ebe00000,0x00000000ec9ff8f8,0x00000000eca00000)
  to   space 13824K, 0% used [0x00000000eb080000,0x00000000eb080000,0x00000000ebe00000)
 ParOldGen       total 74240K, used 16903K [0x00000000a0000000, 0x00000000a4880000, 0x00000000e0000000)
  object space 74240K, 22% used [0x00000000a0000000,0x00000000a1081ff0,0x00000000a4880000)
 Metaspace       used 42011K, capacity 43076K, committed 43264K, reserved 1087488K
  class space    used 5647K, capacity 6052K, committed 6144K, reserved 1048576K
}

