# JRE version: OpenJDK Runtime Environment (8.0_152-b01) (build 1.8.0_152-release-915-b01)
# Java VM: OpenJDK 64-Bit Server VM (25.152-b01 mixed mode windows-amd64 compressed oops)
Heap:
 PSYoungGen      total 400384K, used 228954K [0x00000000e0000000, 0x0000000100000000, 0x0000000100000000)
  eden space 276480K, 80% used [0x00000000e0000000,0x00000000eda749d0,0x00000000f0e00000)
  from space 123904K, 4% used [0x00000000f0e00000,0x00000000f13220b8,0x00000000f8700000)
  to   space 120832K, 0% used [0x00000000f8a00000,0x00000000f8a00000,0x0000000100000000)
 ParOldGen       total 288768K, used 169325K [0x00000000a0000000, 0x00000000b1a00000, 0x00000000e0000000)
  object space 288768K, 58% used [0x00000000a0000000,0x00000000aa55b558,0x00000000b1a00000)
 Metaspace       used 83120K, capacity 89360K, committed 89600K, reserved 1126400K
  class space    used 10720K, capacity 12239K, committed 12288K, reserved 1048576K
GC Heap History (10 events):
Event: 302.467 GC heap before
{Heap before GC invocations=25 (full 6):
 PSYoungGen      total 360960K, used 275456K [0x00000000e0000000, 0x0000000100000000, 0x0000000100000000)
  eden space 275456K, 100% used [0x00000000e0000000,0x00000000f0d00000,0x00000000f0d00000)
  from space 85504K, 0% used [0x00000000fac80000,0x00000000fac80000,0x0000000100000000)
  to   space 124416K, 0% used [0x00000000f0d00000,0x00000000f0d00000,0x00000000f8680000)
 ParOldGen       total 288768K, used 80472K [0x00000000a0000000, 0x00000000b1a00000, 0x00000000e0000000)
  object space 288768K, 27% used [0x00000000a0000000,0x00000000a4e96318,0x00000000b1a00000)
 Metaspace       used 80361K, capacity 85280K, committed 85632K, reserved 1124352K
  class space    used 10348K, capacity 11541K, committed 11648K, reserved 1048576K
Event: 302.668 GC heap after
Heap after GC invocations=25 (full 6):
 PSYoungGen      total 399872K, used 12144K [0x00000000e0000000, 0x0000000100000000, 0x0000000100000000)
  eden space 275456K, 0% used [0x00000000e0000000,0x00000000e0000000,0x00000000f0d00000)
  from space 124416K, 9% used [0x00000000f0d00000,0x00000000f18dc030,0x00000000f8680000)
  to   space 121856K, 0% used [0x00000000f8900000,0x00000000f8900000,0x0000000100000000)
 ParOldGen       total 288768K, used 80472K [0x00000000a0000000, 0x00000000b1a00000, 0x00000000e0000000)
  object space 288768K, 27% used [0x00000000a0000000,0x00000000a4e96318,0x00000000b1a00000)
 Metaspace       used 80361K, capacity 85280K, committed 85632K, reserved 1124352K
  class space    used 10348K, capacity 11541K, committed 11648K, reserved 1048576K
}
Event: 510.741 GC heap before
{Heap before GC invocations=26 (full 6):
 PSYoungGen      total 399872K, used 287600K [0x00000000e0000000, 0x0000000100000000, 0x0000000100000000)
  eden space 275456K, 100% used [0x00000000e0000000,0x00000000f0d00000,0x00000000f0d00000)
  from space 124416K, 9% used [0x00000000f0d00000,0x00000000f18dc030,0x00000000f8680000)
  to   space 121856K, 0% used [0x00000000f8900000,0x00000000f8900000,0x0000000100000000)
 ParOldGen       total 288768K, used 80472K [0x00000000a0000000, 0x00000000b1a00000, 0x00000000e0000000)
  object space 288768K, 27% used [0x00000000a0000000,0x00000000a4e96318,0x00000000b1a00000)
 Metaspace       used 81612K, capacity 87080K, committed 87168K, reserved 1124352K
  class space    used 10534K, capacity 11864K, committed 11904K, reserved 1048576K
Event: 510.763 GC heap after
Heap after GC invocations=26 (full 6):
 PSYoungGen      total 394240K, used 5104K [0x00000000e0000000, 0x00000000ffa80000, 0x0000000100000000)
  eden space 278016K, 0% used [0x00000000e0000000,0x00000000e0000000,0x00000000f0f80000)
  from space 116224K, 4% used [0x00000000f8900000,0x00000000f8dfc050,0x00000000ffa80000)
  to   space 120320K, 0% used [0x00000000f0f80000,0x00000000f0f80000,0x00000000f8500000)
 ParOldGen       total 288768K, used 86162K [0x00000000a0000000, 0x00000000b1a00000, 0x00000000e0000000)
  object space 288768K, 29% used [0x00000000a0000000,0x00000000a5424910,0x00000000b1a00000)
 Metaspace       used 81612K, capacity 87080K, committed 87168K, reserved 1124352K
  class space    used 10534K, capacity 11864K, committed 11904K, reserved 1048576K
}
Event: 535.251 GC heap before
{Heap before GC invocations=27 (full 6):
 PSYoungGen      total 394240K, used 283120K [0x00000000e0000000, 0x00000000ffa80000, 0x0000000100000000)
  eden space 278016K, 100% used [0x00000000e0000000,0x00000000f0f80000,0x00000000f0f80000)
  from space 116224K, 4% used [0x00000000f8900000,0x00000000f8dfc050,0x00000000ffa80000)
  to   space 120320K, 0% used [0x00000000f0f80000,0x00000000f0f80000,0x00000000f8500000)
 ParOldGen       total 288768K, used 86162K [0x00000000a0000000, 0x00000000b1a00000, 0x00000000e0000000)
  object space 288768K, 29% used [0x00000000a0000000,0x00000000a5424910,0x00000000b1a00000)
 Metaspace       used 82317K, capacity 88336K, committed 88448K, reserved 1126400K
  class space    used 10622K, capacity 12048K, committed 12160K, reserved 1048576K
Event: 535.839 GC heap after
Heap after GC invocations=27 (full 6):
 PSYoungGen      total 398336K, used 10029K [0x00000000e0000000, 0x00000000ffd00000, 0x0000000100000000)
  eden space 278016K, 0% used [0x00000000e0000000,0x00000000e0000000,0x00000000f0f80000)
  from space 120320K, 8% used [0x00000000f0f80000,0x00000000f194b4b0,0x00000000f8500000)
  to   space 116736K, 0% used [0x00000000f8b00000,0x00000000f8b00000,0x00000000ffd00000)
 ParOldGen       total 288768K, used 87522K [0x00000000a0000000, 0x00000000b1a00000, 0x00000000e0000000)
  object space 288768K, 30% used [0x00000000a0000000,0x00000000a5578858,0x00000000b1a00000)
 Metaspace       used 82317K, capacity 88336K, committed 88448K, reserved 1126400K
  class space    used 10622K, capacity 12048K, committed 12160K, reserved 1048576K
}
Event: 538.576 GC heap before
{Heap before GC invocations=28 (full 6):
 PSYoungGen      total 398336K, used 288045K [0x00000000e0000000, 0x00000000ffd00000, 0x0000000100000000)
  eden space 278016K, 100% used [0x00000000e0000000,0x00000000f0f80000,0x00000000f0f80000)
  from space 120320K, 8% used [0x00000000f0f80000,0x00000000f194b4b0,0x00000000f8500000)
  to   space 116736K, 0% used [0x00000000f8b00000,0x00000000f8b00000,0x00000000ffd00000)
 ParOldGen       total 288768K, used 87522K [0x00000000a0000000, 0x00000000b1a00000, 0x00000000e0000000)
  object space 288768K, 30% used [0x00000000a0000000,0x00000000a5578858,0x00000000b1a00000)
 Metaspace       used 82607K, capacity 88640K, committed 88960K, reserved 1126400K
  class space    used 10644K, capacity 12088K, committed 12160K, reserved 1048576K
Event: 538.838 GC heap after
Heap after GC invocations=28 (full 6):
 PSYoungGen      total 393216K, used 75883K [0x00000000e0000000, 0x0000000100000000, 0x0000000100000000)
  eden space 276480K, 0% used [0x00000000e0000000,0x00000000e0000000,0x00000000f0e00000)
  from space 116736K, 65% used [0x00000000f8b00000,0x00000000fd51af10,0x00000000ffd00000)
  to   space 123904K, 0% used [0x00000000f0e00000,0x00000000f0e00000,0x00000000f8700000)
 ParOldGen       total 288768K, used 94479K [0x00000000a0000000, 0x00000000b1a00000, 0x00000000e0000000)
  object space 288768K, 32% used [0x00000000a0000000,0x00000000a5c43c70,0x00000000b1a00000)
 Metaspace       used 82607K, capacity 88640K, committed 88960K, reserved 1126400K
  class space    used 10644K, capacity 12088K, committed 12160K, reserved 1048576K
}
Event: 539.841 GC heap before
{Heap before GC invocations=29 (full 6):
 PSYoungGen      total 393216K, used 352363K [0x00000000e0000000, 0x0000000100000000, 0x0000000100000000)
  eden space 276480K, 100% used [0x00000000e0000000,0x00000000f0e00000,0x00000000f0e00000)
  from space 116736K, 65% used [0x00000000f8b00000,0x00000000fd51af10,0x00000000ffd00000)
  to   space 123904K, 0% used [0x00000000f0e00000,0x00000000f0e00000,0x00000000f8700000)
 ParOldGen       total 288768K, used 94479K [0x00000000a0000000, 0x00000000b1a00000, 0x00000000e0000000)
  object space 288768K, 32% used [0x00000000a0000000,0x00000000a5c43c70,0x00000000b1a00000)
 Metaspace       used 82641K, capacity 88704K, committed 88960K, reserved 1126400K
  class space    used 10644K, capacity 12088K, committed 12160K, reserved 1048576K
Event: 539.894 GC heap after
Heap after GC invocations=29 (full 6):
 PSYoungGen      total 400384K, used 5256K [0x00000000e0000000, 0x0000000100000000, 0x0000000100000000)
  eden space 276480K, 0% used [0x00000000e0000000,0x00000000e0000000,0x00000000f0e00000)
  from space 123904K, 4% used [0x00000000f0e00000,0x00000000f13220b8,0x00000000f8700000)
  to   space 120832K, 0% used [0x00000000f8a00000,0x00000000f8a00000,0x0000000100000000)
 ParOldGen       total 288768K, used 169325K [0x00000000a0000000, 0x00000000b1a00000, 0x00000000e0000000)
  object space 288768K, 58% used [0x00000000a0000000,0x00000000aa55b558,0x00000000b1a00000)
 Metaspace       used 82641K, capacity 88704K, committed 88960K, reserved 1126400K
  class space    used 10644K, capacity 12088K, committed 12160K, reserved 1048576K
}

