# JRE version: OpenJDK Runtime Environment (8.0_152-b01) (build 1.8.0_152-release-915-b01)
# Java VM: OpenJDK 64-Bit Server VM (25.152-b01 mixed mode windows-amd64 compressed oops)
Heap:
 PSYoungGen      total 394752K, used 140134K [0x00000000e0000000, 0x00000000fce80000, 0x0000000100000000)
  eden space 336384K, 29% used [0x00000000e0000000,0x00000000e60ab9b8,0x00000000f4880000)
  from space 58368K, 70% used [0x00000000f8480000,0x00000000facae1c8,0x00000000fbd80000)
  to   space 61440K, 0% used [0x00000000f4880000,0x00000000f4880000,0x00000000f8480000)
 ParOldGen       total 168448K, used 107590K [0x00000000a0000000, 0x00000000aa480000, 0x00000000e0000000)
  object space 168448K, 63% used [0x00000000a0000000,0x00000000a6911828,0x00000000aa480000)
 Metaspace       used 71588K, capacity 75146K, committed 75264K, reserved 1114112K
  class space    used 9254K, capacity 10155K, committed 10240K, reserved 1048576K
GC Heap History (10 events):
Event: 56.277 GC heap before
{Heap before GC invocations=13 (full 3):
 PSYoungGen      total 228864K, used 207872K [0x00000000e0000000, 0x00000000f3d00000, 0x0000000100000000)
  eden space 207872K, 100% used [0x00000000e0000000,0x00000000ecb00000,0x00000000ecb00000)
  from space 20992K, 0% used [0x00000000ecb00000,0x00000000ecb00000,0x00000000edf80000)
  to   space 30208K, 0% used [0x00000000f1f80000,0x00000000f1f80000,0x00000000f3d00000)
 ParOldGen       total 168448K, used 50080K [0x00000000a0000000, 0x00000000aa480000, 0x00000000e0000000)
  object space 168448K, 29% used [0x00000000a0000000,0x00000000a30e8178,0x00000000aa480000)
 Metaspace       used 60805K, capacity 63650K, committed 64000K, reserved 1103872K
  class space    used 8140K, capacity 8839K, committed 8960K, reserved 1048576K
Event: 56.333 GC heap after
Heap after GC invocations=13 (full 3):
 PSYoungGen      total 261632K, used 15233K [0x00000000e0000000, 0x00000000f2e80000, 0x0000000100000000)
  eden space 246272K, 0% used [0x00000000e0000000,0x00000000e0000000,0x00000000ef080000)
  from space 15360K, 99% used [0x00000000f1f80000,0x00000000f2e604b0,0x00000000f2e80000)
  to   space 29184K, 0% used [0x00000000ef580000,0x00000000ef580000,0x00000000f1200000)
 ParOldGen       total 168448K, used 50088K [0x00000000a0000000, 0x00000000aa480000, 0x00000000e0000000)
  object space 168448K, 29% used [0x00000000a0000000,0x00000000a30ea178,0x00000000aa480000)
 Metaspace       used 60805K, capacity 63650K, committed 64000K, reserved 1103872K
  class space    used 8140K, capacity 8839K, committed 8960K, reserved 1048576K
}
Event: 319.850 GC heap before
{Heap before GC invocations=14 (full 3):
 PSYoungGen      total 261632K, used 261505K [0x00000000e0000000, 0x00000000f2e80000, 0x0000000100000000)
  eden space 246272K, 100% used [0x00000000e0000000,0x00000000ef080000,0x00000000ef080000)
  from space 15360K, 99% used [0x00000000f1f80000,0x00000000f2e604b0,0x00000000f2e80000)
  to   space 29184K, 0% used [0x00000000ef580000,0x00000000ef580000,0x00000000f1200000)
 ParOldGen       total 168448K, used 50088K [0x00000000a0000000, 0x00000000aa480000, 0x00000000e0000000)
  object space 168448K, 29% used [0x00000000a0000000,0x00000000a30ea178,0x00000000aa480000)
 Metaspace       used 63845K, capacity 67086K, committed 67200K, reserved 1107968K
  class space    used 8488K, capacity 9277K, committed 9344K, reserved 1048576K
Event: 319.877 GC heap after
Heap after GC invocations=14 (full 3):
 PSYoungGen      total 280576K, used 13063K [0x00000000e0000000, 0x00000000f4b00000, 0x0000000100000000)
  eden space 251392K, 0% used [0x00000000e0000000,0x00000000e0000000,0x00000000ef580000)
  from space 29184K, 44% used [0x00000000ef580000,0x00000000f0241e50,0x00000000f1200000)
  to   space 27648K, 0% used [0x00000000f3000000,0x00000000f3000000,0x00000000f4b00000)
 ParOldGen       total 168448K, used 50096K [0x00000000a0000000, 0x00000000aa480000, 0x00000000e0000000)
  object space 168448K, 29% used [0x00000000a0000000,0x00000000a30ec178,0x00000000aa480000)
 Metaspace       used 63845K, capacity 67086K, committed 67200K, reserved 1107968K
  class space    used 8488K, capacity 9277K, committed 9344K, reserved 1048576K
}
Event: 323.885 GC heap before
{Heap before GC invocations=15 (full 3):
 PSYoungGen      total 280576K, used 264455K [0x00000000e0000000, 0x00000000f4b00000, 0x0000000100000000)
  eden space 251392K, 100% used [0x00000000e0000000,0x00000000ef580000,0x00000000ef580000)
  from space 29184K, 44% used [0x00000000ef580000,0x00000000f0241e50,0x00000000f1200000)
  to   space 27648K, 0% used [0x00000000f3000000,0x00000000f3000000,0x00000000f4b00000)
 ParOldGen       total 168448K, used 50096K [0x00000000a0000000, 0x00000000aa480000, 0x00000000e0000000)
  object space 168448K, 29% used [0x00000000a0000000,0x00000000a30ec178,0x00000000aa480000)
 Metaspace       used 68757K, capacity 72068K, committed 72320K, reserved 1112064K
  class space    used 9041K, capacity 9840K, committed 9856K, reserved 1048576K
Event: 324.007 GC heap after
Heap after GC invocations=15 (full 3):
 PSYoungGen      total 294912K, used 27625K [0x00000000e0000000, 0x00000000f8600000, 0x0000000100000000)
  eden space 267264K, 0% used [0x00000000e0000000,0x00000000e0000000,0x00000000f0500000)
  from space 27648K, 99% used [0x00000000f3000000,0x00000000f4afa7b0,0x00000000f4b00000)
  to   space 44032K, 0% used [0x00000000f0500000,0x00000000f0500000,0x00000000f3000000)
 ParOldGen       total 168448K, used 83334K [0x00000000a0000000, 0x00000000aa480000, 0x00000000e0000000)
  object space 168448K, 49% used [0x00000000a0000000,0x00000000a5161a50,0x00000000aa480000)
 Metaspace       used 68757K, capacity 72068K, committed 72320K, reserved 1112064K
  class space    used 9041K, capacity 9840K, committed 9856K, reserved 1048576K
}
Event: 326.137 GC heap before
{Heap before GC invocations=16 (full 3):
 PSYoungGen      total 294912K, used 294889K [0x00000000e0000000, 0x00000000f8600000, 0x0000000100000000)
  eden space 267264K, 100% used [0x00000000e0000000,0x00000000f0500000,0x00000000f0500000)
  from space 27648K, 99% used [0x00000000f3000000,0x00000000f4afa7b0,0x00000000f4b00000)
  to   space 44032K, 0% used [0x00000000f0500000,0x00000000f0500000,0x00000000f3000000)
 ParOldGen       total 168448K, used 83334K [0x00000000a0000000, 0x00000000aa480000, 0x00000000e0000000)
  object space 168448K, 49% used [0x00000000a0000000,0x00000000a5161a50,0x00000000aa480000)
 Metaspace       used 70564K, capacity 73972K, committed 74112K, reserved 1114112K
  class space    used 9164K, capacity 10008K, committed 10112K, reserved 1048576K
Event: 326.188 GC heap after
Heap after GC invocations=16 (full 3):
 PSYoungGen      total 311296K, used 44017K [0x00000000e0000000, 0x00000000fbd80000, 0x0000000100000000)
  eden space 267264K, 0% used [0x00000000e0000000,0x00000000e0000000,0x00000000f0500000)
  from space 44032K, 99% used [0x00000000f0500000,0x00000000f2ffc620,0x00000000f3000000)
  to   space 58368K, 0% used [0x00000000f8480000,0x00000000f8480000,0x00000000fbd80000)
 ParOldGen       total 168448K, used 103941K [0x00000000a0000000, 0x00000000aa480000, 0x00000000e0000000)
  object space 168448K, 61% used [0x00000000a0000000,0x00000000a6581740,0x00000000aa480000)
 Metaspace       used 70564K, capacity 73972K, committed 74112K, reserved 1114112K
  class space    used 9164K, capacity 10008K, committed 10112K, reserved 1048576K
}
Event: 328.888 GC heap before
{Heap before GC invocations=17 (full 3):
 PSYoungGen      total 311296K, used 311281K [0x00000000e0000000, 0x00000000fbd80000, 0x0000000100000000)
  eden space 267264K, 100% used [0x00000000e0000000,0x00000000f0500000,0x00000000f0500000)
  from space 44032K, 99% used [0x00000000f0500000,0x00000000f2ffc620,0x00000000f3000000)
  to   space 58368K, 0% used [0x00000000f8480000,0x00000000f8480000,0x00000000fbd80000)
 ParOldGen       total 168448K, used 103941K [0x00000000a0000000, 0x00000000aa480000, 0x00000000e0000000)
  object space 168448K, 61% used [0x00000000a0000000,0x00000000a6581740,0x00000000aa480000)
 Metaspace       used 70872K, capacity 74292K, committed 74624K, reserved 1114112K
  class space    used 9176K, capacity 10008K, committed 10112K, reserved 1048576K
Event: 328.984 GC heap after
Heap after GC invocations=17 (full 3):
 PSYoungGen      total 394752K, used 41144K [0x00000000e0000000, 0x00000000fce80000, 0x0000000100000000)
  eden space 336384K, 0% used [0x00000000e0000000,0x00000000e0000000,0x00000000f4880000)
  from space 58368K, 70% used [0x00000000f8480000,0x00000000facae1c8,0x00000000fbd80000)
  to   space 61440K, 0% used [0x00000000f4880000,0x00000000f4880000,0x00000000f8480000)
 ParOldGen       total 168448K, used 107590K [0x00000000a0000000, 0x00000000aa480000, 0x00000000e0000000)
  object space 168448K, 63% used [0x00000000a0000000,0x00000000a6911828,0x00000000aa480000)
 Metaspace       used 70872K, capacity 74292K, committed 74624K, reserved 1114112K
  class space    used 9176K, capacity 10008K, committed 10112K, reserved 1048576K
}

