# JRE version: OpenJDK Runtime Environment (8.0_152-b01) (build 1.8.0_152-release-915-b01)
# Java VM: OpenJDK 64-Bit Server VM (25.152-b01 mixed mode windows-amd64 compressed oops)
Heap:
 PSYoungGen      total 401920K, used 168302K [0x00000000e0000000, 0x0000000100000000, 0x0000000100000000)
  eden space 279552K, 52% used [0x00000000e0000000,0x00000000e8f47a30,0x00000000f1100000)
  from space 122368K, 17% used [0x00000000f1100000,0x00000000f26141a8,0x00000000f8880000)
  to   space 118784K, 0% used [0x00000000f8c00000,0x00000000f8c00000,0x0000000100000000)
 ParOldGen       total 331776K, used 155616K [0x00000000a0000000, 0x00000000b4400000, 0x00000000e0000000)
  object space 331776K, 46% used [0x00000000a0000000,0x00000000a97f80c0,0x00000000b4400000)
 Metaspace       used 81450K, capacity 86814K, committed 87060K, reserved 1124352K
  class space    used 10431K, capacity 11727K, committed 11796K, reserved 1048576K
GC Heap History (10 events):
Event: 587.025 GC heap before
{Heap before GC invocations=21 (full 4):
 PSYoungGen      total 442880K, used 77818K [0x00000000e0000000, 0x0000000100000000, 0x0000000100000000)
  eden space 365056K, 0% used [0x00000000e0000000,0x00000000e0000000,0x00000000f6480000)
  from space 77824K, 99% used [0x00000000f6480000,0x00000000fb07e8d8,0x00000000fb080000)
  to   space 81408K, 0% used [0x00000000fb080000,0x00000000fb080000,0x0000000100000000)
 ParOldGen       total 177152K, used 176911K [0x00000000a0000000, 0x00000000aad00000, 0x00000000e0000000)
  object space 177152K, 99% used [0x00000000a0000000,0x00000000aacc3c78,0x00000000aad00000)
 Metaspace       used 80571K, capacity 85600K, committed 85908K, reserved 1124352K
  class space    used 10387K, capacity 11614K, committed 11668K, reserved 1048576K
Event: 587.575 GC heap after
Heap after GC invocations=21 (full 4):
 PSYoungGen      total 442880K, used 0K [0x00000000e0000000, 0x0000000100000000, 0x0000000100000000)
  eden space 365056K, 0% used [0x00000000e0000000,0x00000000e0000000,0x00000000f6480000)
  from space 77824K, 0% used [0x00000000f6480000,0x00000000f6480000,0x00000000fb080000)
  to   space 81408K, 0% used [0x00000000fb080000,0x00000000fb080000,0x0000000100000000)
 ParOldGen       total 331776K, used 155600K [0x00000000a0000000, 0x00000000b4400000, 0x00000000e0000000)
  object space 331776K, 46% used [0x00000000a0000000,0x00000000a97f40c0,0x00000000b4400000)
 Metaspace       used 80289K, capacity 85226K, committed 85908K, reserved 1124352K
  class space    used 10357K, capacity 11560K, committed 11668K, reserved 1048576K
}
Event: 589.943 GC heap before
{Heap before GC invocations=22 (full 4):
 PSYoungGen      total 442880K, used 364869K [0x00000000e0000000, 0x0000000100000000, 0x0000000100000000)
  eden space 365056K, 99% used [0x00000000e0000000,0x00000000f6451530,0x00000000f6480000)
  from space 77824K, 0% used [0x00000000f6480000,0x00000000f6480000,0x00000000fb080000)
  to   space 81408K, 0% used [0x00000000fb080000,0x00000000fb080000,0x0000000100000000)
 ParOldGen       total 331776K, used 155600K [0x00000000a0000000, 0x00000000b4400000, 0x00000000e0000000)
  object space 331776K, 46% used [0x00000000a0000000,0x00000000a97f40c0,0x00000000b4400000)
 Metaspace       used 80347K, capacity 85292K, committed 85908K, reserved 1124352K
  class space    used 10362K, capacity 11570K, committed 11668K, reserved 1048576K
Event: 589.981 GC heap after
Heap after GC invocations=22 (full 4):
 PSYoungGen      total 386560K, used 13224K [0x00000000e0000000, 0x0000000100000000, 0x0000000100000000)
  eden space 305152K, 0% used [0x00000000e0000000,0x00000000e0000000,0x00000000f2a00000)
  from space 81408K, 16% used [0x00000000fb080000,0x00000000fbd6a138,0x0000000100000000)
  to   space 109568K, 0% used [0x00000000f2a00000,0x00000000f2a00000,0x00000000f9500000)
 ParOldGen       total 331776K, used 155608K [0x00000000a0000000, 0x00000000b4400000, 0x00000000e0000000)
  object space 331776K, 46% used [0x00000000a0000000,0x00000000a97f60c0,0x00000000b4400000)
 Metaspace       used 80347K, capacity 85292K, committed 85908K, reserved 1124352K
  class space    used 10362K, capacity 11570K, committed 11668K, reserved 1048576K
}
Event: 669.086 GC heap before
{Heap before GC invocations=23 (full 4):
 PSYoungGen      total 386560K, used 318376K [0x00000000e0000000, 0x0000000100000000, 0x0000000100000000)
  eden space 305152K, 100% used [0x00000000e0000000,0x00000000f2a00000,0x00000000f2a00000)
  from space 81408K, 16% used [0x00000000fb080000,0x00000000fbd6a138,0x0000000100000000)
  to   space 109568K, 0% used [0x00000000f2a00000,0x00000000f2a00000,0x00000000f9500000)
 ParOldGen       total 331776K, used 155608K [0x00000000a0000000, 0x00000000b4400000, 0x00000000e0000000)
  object space 331776K, 46% used [0x00000000a0000000,0x00000000a97f60c0,0x00000000b4400000)
 Metaspace       used 80681K, capacity 85796K, committed 85908K, reserved 1124352K
  class space    used 10384K, capacity 11624K, committed 11668K, reserved 1048576K
Event: 669.136 GC heap after
Heap after GC invocations=23 (full 4):
 PSYoungGen      total 414720K, used 52472K [0x00000000e0000000, 0x0000000100000000, 0x0000000100000000)
  eden space 305152K, 0% used [0x00000000e0000000,0x00000000e0000000,0x00000000f2a00000)
  from space 109568K, 47% used [0x00000000f2a00000,0x00000000f5d3e080,0x00000000f9500000)
  to   space 107520K, 0% used [0x00000000f9700000,0x00000000f9700000,0x0000000100000000)
 ParOldGen       total 331776K, used 155616K [0x00000000a0000000, 0x00000000b4400000, 0x00000000e0000000)
  object space 331776K, 46% used [0x00000000a0000000,0x00000000a97f80c0,0x00000000b4400000)
 Metaspace       used 80681K, capacity 85796K, committed 85908K, reserved 1124352K
  class space    used 10384K, capacity 11624K, committed 11668K, reserved 1048576K
}
Event: 670.515 GC heap before
{Heap before GC invocations=24 (full 4):
 PSYoungGen      total 414720K, used 357624K [0x00000000e0000000, 0x0000000100000000, 0x0000000100000000)
  eden space 305152K, 100% used [0x00000000e0000000,0x00000000f2a00000,0x00000000f2a00000)
  from space 109568K, 47% used [0x00000000f2a00000,0x00000000f5d3e080,0x00000000f9500000)
  to   space 107520K, 0% used [0x00000000f9700000,0x00000000f9700000,0x0000000100000000)
 ParOldGen       total 331776K, used 155616K [0x00000000a0000000, 0x00000000b4400000, 0x00000000e0000000)
  object space 331776K, 46% used [0x00000000a0000000,0x00000000a97f80c0,0x00000000b4400000)
 Metaspace       used 80995K, capacity 86164K, committed 86420K, reserved 1124352K
  class space    used 10406K, capacity 11664K, committed 11668K, reserved 1048576K
Event: 670.583 GC heap after
Heap after GC invocations=24 (full 4):
 PSYoungGen      total 387072K, used 97177K [0x00000000e0000000, 0x0000000100000000, 0x0000000100000000)
  eden space 279552K, 0% used [0x00000000e0000000,0x00000000e0000000,0x00000000f1100000)
  from space 107520K, 90% used [0x00000000f9700000,0x00000000ff5e65b0,0x0000000100000000)
  to   space 122368K, 0% used [0x00000000f1100000,0x00000000f1100000,0x00000000f8880000)
 ParOldGen       total 331776K, used 155616K [0x00000000a0000000, 0x00000000b4400000, 0x00000000e0000000)
  object space 331776K, 46% used [0x00000000a0000000,0x00000000a97f80c0,0x00000000b4400000)
 Metaspace       used 80995K, capacity 86164K, committed 86420K, reserved 1124352K
  class space    used 10406K, capacity 11664K, committed 11668K, reserved 1048576K
}
Event: 672.236 GC heap before
{Heap before GC invocations=25 (full 4):
 PSYoungGen      total 387072K, used 376729K [0x00000000e0000000, 0x0000000100000000, 0x0000000100000000)
  eden space 279552K, 100% used [0x00000000e0000000,0x00000000f1100000,0x00000000f1100000)
  from space 107520K, 90% used [0x00000000f9700000,0x00000000ff5e65b0,0x0000000100000000)
  to   space 122368K, 0% used [0x00000000f1100000,0x00000000f1100000,0x00000000f8880000)
 ParOldGen       total 331776K, used 155616K [0x00000000a0000000, 0x00000000b4400000, 0x00000000e0000000)
  object space 331776K, 46% used [0x00000000a0000000,0x00000000a97f80c0,0x00000000b4400000)
 Metaspace       used 81130K, capacity 86370K, committed 86548K, reserved 1124352K
  class space    used 10414K, capacity 11677K, committed 11796K, reserved 1048576K
Event: 672.258 GC heap after
Heap after GC invocations=25 (full 4):
 PSYoungGen      total 401920K, used 21584K [0x00000000e0000000, 0x0000000100000000, 0x0000000100000000)
  eden space 279552K, 0% used [0x00000000e0000000,0x00000000e0000000,0x00000000f1100000)
  from space 122368K, 17% used [0x00000000f1100000,0x00000000f26141a8,0x00000000f8880000)
  to   space 118784K, 0% used [0x00000000f8c00000,0x00000000f8c00000,0x0000000100000000)
 ParOldGen       total 331776K, used 155616K [0x00000000a0000000, 0x00000000b4400000, 0x00000000e0000000)
  object space 331776K, 46% used [0x00000000a0000000,0x00000000a97f80c0,0x00000000b4400000)
 Metaspace       used 81130K, capacity 86370K, committed 86548K, reserved 1124352K
  class space    used 10414K, capacity 11677K, committed 11796K, reserved 1048576K
}

