# JRE version: OpenJDK Runtime Environment (8.0_152-b01) (build 1.8.0_152-release-915-b01)
# Java VM: OpenJDK 64-Bit Server VM (25.152-b01 mixed mode windows-amd64 compressed oops)
Heap:
 PSYoungGen      total 198144K, used 7597K [0x00000000e0000000, 0x00000000ef500000, 0x0000000100000000)
  eden space 184320K, 0% used [0x00000000e0000000,0x00000000e0000000,0x00000000eb400000)
  from space 13824K, 54% used [0x00000000ec100000,0x00000000ec86b778,0x00000000ece80000)
  to   space 13312K, 0% used [0x00000000eb400000,0x00000000eb400000,0x00000000ec100000)
 ParOldGen       total 65024K, used 19426K [0x00000000a0000000, 0x00000000a3f80000, 0x00000000e0000000)
  object space 65024K, 29% used [0x00000000a0000000,0x00000000a12f8bf0,0x00000000a3f80000)
 Metaspace       used 34490K, capacity 35332K, committed 35416K, reserved 1079296K
  class space    used 4723K, capacity 5066K, committed 5120K, reserved 1048576K
GC Heap History (10 events):
Event: 4.455 GC heap after
Heap after GC invocations=3 (full 0):
 PSYoungGen      total 71680K, used 5108K [0x00000000e0000000, 0x00000000e8c00000, 0x0000000100000000)
  eden space 66560K, 0% used [0x00000000e0000000,0x00000000e0000000,0x00000000e4100000)
  from space 5120K, 99% used [0x00000000e4100000,0x00000000e45fd020,0x00000000e4600000)
  to   space 5120K, 0% used [0x00000000e8700000,0x00000000e8700000,0x00000000e8c00000)
 ParOldGen       total 87552K, used 8644K [0x00000000a0000000, 0x00000000a5580000, 0x00000000e0000000)
  object space 87552K, 9% used [0x00000000a0000000,0x00000000a0871028,0x00000000a5580000)
 Metaspace       used 20769K, capacity 21140K, committed 21248K, reserved 1067008K
  class space    used 2891K, capacity 3067K, committed 3072K, reserved 1048576K
}
Event: 4.455 GC heap before
{Heap before GC invocations=4 (full 1):
 PSYoungGen      total 71680K, used 5108K [0x00000000e0000000, 0x00000000e8c00000, 0x0000000100000000)
  eden space 66560K, 0% used [0x00000000e0000000,0x00000000e0000000,0x00000000e4100000)
  from space 5120K, 99% used [0x00000000e4100000,0x00000000e45fd020,0x00000000e4600000)
  to   space 5120K, 0% used [0x00000000e8700000,0x00000000e8700000,0x00000000e8c00000)
 ParOldGen       total 87552K, used 8644K [0x00000000a0000000, 0x00000000a5580000, 0x00000000e0000000)
  object space 87552K, 9% used [0x00000000a0000000,0x00000000a0871028,0x00000000a5580000)
 Metaspace       used 20769K, capacity 21140K, committed 21248K, reserved 1067008K
  class space    used 2891K, capacity 3067K, committed 3072K, reserved 1048576K
Event: 4.620 GC heap after
Heap after GC invocations=4 (full 1):
 PSYoungGen      total 71680K, used 0K [0x00000000e0000000, 0x00000000e8c00000, 0x0000000100000000)
  eden space 66560K, 0% used [0x00000000e0000000,0x00000000e0000000,0x00000000e4100000)
  from space 5120K, 0% used [0x00000000e4100000,0x00000000e4100000,0x00000000e4600000)
  to   space 5120K, 0% used [0x00000000e8700000,0x00000000e8700000,0x00000000e8c00000)
 ParOldGen       total 65024K, used 12424K [0x00000000a0000000, 0x00000000a3f80000, 0x00000000e0000000)
  object space 65024K, 19% used [0x00000000a0000000,0x00000000a0c22240,0x00000000a3f80000)
 Metaspace       used 20769K, capacity 21140K, committed 21248K, reserved 1067008K
  class space    used 2891K, capacity 3067K, committed 3072K, reserved 1048576K
}
Event: 6.575 GC heap before
{Heap before GC invocations=5 (full 1):
 PSYoungGen      total 71680K, used 66560K [0x00000000e0000000, 0x00000000e8c00000, 0x0000000100000000)
  eden space 66560K, 100% used [0x00000000e0000000,0x00000000e4100000,0x00000000e4100000)
  from space 5120K, 0% used [0x00000000e4100000,0x00000000e4100000,0x00000000e4600000)
  to   space 5120K, 0% used [0x00000000e8700000,0x00000000e8700000,0x00000000e8c00000)
 ParOldGen       total 65024K, used 12424K [0x00000000a0000000, 0x00000000a3f80000, 0x00000000e0000000)
  object space 65024K, 19% used [0x00000000a0000000,0x00000000a0c22240,0x00000000a3f80000)
 Metaspace       used 26126K, capacity 26602K, committed 26880K, reserved 1073152K
  class space    used 3554K, capacity 3750K, committed 3840K, reserved 1048576K
Event: 6.736 GC heap after
Heap after GC invocations=5 (full 1):
 PSYoungGen      total 117248K, used 5114K [0x00000000e0000000, 0x00000000e8c00000, 0x0000000100000000)
  eden space 112128K, 0% used [0x00000000e0000000,0x00000000e0000000,0x00000000e6d80000)
  from space 5120K, 99% used [0x00000000e8700000,0x00000000e8bfe9d0,0x00000000e8c00000)
  to   space 5120K, 0% used [0x00000000e8200000,0x00000000e8200000,0x00000000e8700000)
 ParOldGen       total 65024K, used 13879K [0x00000000a0000000, 0x00000000a3f80000, 0x00000000e0000000)
  object space 65024K, 21% used [0x00000000a0000000,0x00000000a0d8dca0,0x00000000a3f80000)
 Metaspace       used 26126K, capacity 26602K, committed 26880K, reserved 1073152K
  class space    used 3554K, capacity 3750K, committed 3840K, reserved 1048576K
}
Event: 15.444 GC heap before
{Heap before GC invocations=6 (full 1):
 PSYoungGen      total 117248K, used 117242K [0x00000000e0000000, 0x00000000e8c00000, 0x0000000100000000)
  eden space 112128K, 100% used [0x00000000e0000000,0x00000000e6d80000,0x00000000e6d80000)
  from space 5120K, 99% used [0x00000000e8700000,0x00000000e8bfe9d0,0x00000000e8c00000)
  to   space 5120K, 0% used [0x00000000e8200000,0x00000000e8200000,0x00000000e8700000)
 ParOldGen       total 65024K, used 13879K [0x00000000a0000000, 0x00000000a3f80000, 0x00000000e0000000)
  object space 65024K, 21% used [0x00000000a0000000,0x00000000a0d8dca0,0x00000000a3f80000)
 Metaspace       used 31901K, capacity 32708K, committed 32896K, reserved 1077248K
  class space    used 4393K, capacity 4717K, committed 4736K, reserved 1048576K
Event: 15.601 GC heap after
Heap after GC invocations=6 (full 1):
 PSYoungGen      total 138240K, used 5104K [0x00000000e0000000, 0x00000000ece80000, 0x0000000100000000)
  eden space 133120K, 0% used [0x00000000e0000000,0x00000000e0000000,0x00000000e8200000)
  from space 5120K, 99% used [0x00000000e8200000,0x00000000e86fc010,0x00000000e8700000)
  to   space 13824K, 0% used [0x00000000ec100000,0x00000000ec100000,0x00000000ece80000)
 ParOldGen       total 65024K, used 19418K [0x00000000a0000000, 0x00000000a3f80000, 0x00000000e0000000)
  object space 65024K, 29% used [0x00000000a0000000,0x00000000a12f6bf0,0x00000000a3f80000)
 Metaspace       used 31901K, capacity 32708K, committed 32896K, reserved 1077248K
  class space    used 4393K, capacity 4717K, committed 4736K, reserved 1048576K
}
Event: 15.976 GC heap before
{Heap before GC invocations=7 (full 1):
 PSYoungGen      total 138240K, used 24382K [0x00000000e0000000, 0x00000000ece80000, 0x0000000100000000)
  eden space 133120K, 14% used [0x00000000e0000000,0x00000000e12d3ab0,0x00000000e8200000)
  from space 5120K, 99% used [0x00000000e8200000,0x00000000e86fc010,0x00000000e8700000)
  to   space 13824K, 0% used [0x00000000ec100000,0x00000000ec100000,0x00000000ece80000)
 ParOldGen       total 65024K, used 19418K [0x00000000a0000000, 0x00000000a3f80000, 0x00000000e0000000)
  object space 65024K, 29% used [0x00000000a0000000,0x00000000a12f6bf0,0x00000000a3f80000)
 Metaspace       used 34490K, capacity 35332K, committed 35416K, reserved 1079296K
  class space    used 4723K, capacity 5066K, committed 5120K, reserved 1048576K
Event: 16.028 GC heap after
Heap after GC invocations=7 (full 1):
 PSYoungGen      total 198144K, used 7597K [0x00000000e0000000, 0x00000000ef500000, 0x0000000100000000)
  eden space 184320K, 0% used [0x00000000e0000000,0x00000000e0000000,0x00000000eb400000)
  from space 13824K, 54% used [0x00000000ec100000,0x00000000ec86b778,0x00000000ece80000)
  to   space 13312K, 0% used [0x00000000eb400000,0x00000000eb400000,0x00000000ec100000)
 ParOldGen       total 65024K, used 19426K [0x00000000a0000000, 0x00000000a3f80000, 0x00000000e0000000)
  object space 65024K, 29% used [0x00000000a0000000,0x00000000a12f8bf0,0x00000000a3f80000)
 Metaspace       used 34490K, capacity 35332K, committed 35416K, reserved 1079296K
  class space    used 4723K, capacity 5066K, committed 5120K, reserved 1048576K
}
Event: 16.028 GC heap before
{Heap before GC invocations=8 (full 2):
 PSYoungGen      total 198144K, used 7597K [0x00000000e0000000, 0x00000000ef500000, 0x0000000100000000)
  eden space 184320K, 0% used [0x00000000e0000000,0x00000000e0000000,0x00000000eb400000)
  from space 13824K, 54% used [0x00000000ec100000,0x00000000ec86b778,0x00000000ece80000)
  to   space 13312K, 0% used [0x00000000eb400000,0x00000000eb400000,0x00000000ec100000)
 ParOldGen       total 65024K, used 19426K [0x00000000a0000000, 0x00000000a3f80000, 0x00000000e0000000)
  object space 65024K, 29% used [0x00000000a0000000,0x00000000a12f8bf0,0x00000000a3f80000)
 Metaspace       used 34490K, capacity 35332K, committed 35416K, reserved 1079296K
  class space    used 4723K, capacity 5066K, committed 5120K, reserved 1048576K

